<?xml version="1.0" encoding="UTF-8"?>
<!-- Generated by org.testng.reporters.JUnitXMLReporter -->
<testsuite ignored="0" hostname="QT-INBG-LT0623" failures="0" tests="5" name="Default test" time="7.587" errors="0" timestamp="2022-09-19T11:56:28 IST">
  <testcase classname="SignIn" name="launchBrowser" time="2.941"/>
  <testcase classname="SignIn" name="signIn" time="1.221"/>
  <testcase classname="SignIn" name="userName" time="1.061"/>
  <testcase classname="SignIn" name="enterPassword" time="1.085"/>
  <testcase classname="SignIn" name="login" time="1.169"/>
</testsuite> <!-- Default test -->
