<?xml version="1.0" encoding="UTF-8"?>
<testng-results ignored="0" total="5" passed="5" failed="0" skipped="0">
  <reporter-output>
  </reporter-output>
  <suite started-at="2022-09-19T11:56:21 IST" name="Default suite" finished-at="2022-09-19T11:56:28 IST" duration-ms="7587">
    <groups>
    </groups>
    <test started-at="2022-09-19T11:56:21 IST" name="Default test" finished-at="2022-09-19T11:56:28 IST" duration-ms="7587">
      <class name="SignIn">
        <test-method signature="launchBrowser()[pri:1, instance:SignIn@25d3cfc8]" started-at="2022-09-19T11:56:21 IST" name="launchBrowser" finished-at="2022-09-19T11:56:24 IST" duration-ms="2941" status="PASS">
          <reporter-output>
          </reporter-output>
        </test-method> <!-- launchBrowser -->
        <test-method signature="signIn()[pri:2, instance:SignIn@25d3cfc8]" started-at="2022-09-19T11:56:24 IST" name="signIn" finished-at="2022-09-19T11:56:25 IST" duration-ms="1221" status="PASS">
          <reporter-output>
          </reporter-output>
        </test-method> <!-- signIn -->
        <test-method signature="userName()[pri:3, instance:SignIn@25d3cfc8]" started-at="2022-09-19T11:56:25 IST" name="userName" finished-at="2022-09-19T11:56:26 IST" duration-ms="1061" status="PASS">
          <reporter-output>
          </reporter-output>
        </test-method> <!-- userName -->
        <test-method signature="enterPassword()[pri:4, instance:SignIn@25d3cfc8]" started-at="2022-09-19T11:56:26 IST" name="enterPassword" finished-at="2022-09-19T11:56:27 IST" duration-ms="1085" status="PASS">
          <reporter-output>
          </reporter-output>
        </test-method> <!-- enterPassword -->
        <test-method signature="login()[pri:5, instance:SignIn@25d3cfc8]" started-at="2022-09-19T11:56:27 IST" name="login" finished-at="2022-09-19T11:56:28 IST" duration-ms="1169" status="PASS">
          <reporter-output>
          </reporter-output>
        </test-method> <!-- login -->
      </class> <!-- SignIn -->
    </test> <!-- Default test -->
  </suite> <!-- Default suite -->
</testng-results>
